Release 14.7 - ngc2edif P.20131013 (nt64)
Copyright (c) 1995-2013 Xilinx, Inc.  All rights reserved.
Reading design termometr.ngc ...
WARNING:NetListWriters:298 - No output is written to termometr.xncf, ignored.
Processing design ...
   Preping design's networks ...
   Preping design's macros ...
WARNING:NetListWriters:306 - Signal bus x<15 : 0> on block termometr is not
   reconstructed, because there are some missing bus signals.
  finished :Prep
Writing EDIF netlist file termometr.edif ...
ngc2edif: Total memory usage is 79520 kilobytes

Release 14.7 - ngc2edif P.20131013 (nt64)
Copyright (c) 1995-2013 Xilinx, Inc.  All rights reserved.
Reading design termometr.ngc ...
WARNING:NetListWriters:298 - No output is written to termometr.xncf, ignored.
Processing design ...
   Preping design's networks ...
   Preping design's macros ...
WARNING:NetListWriters:306 - Signal bus x<15 : 0> on block termometr is not
   reconstructed, because there are some missing bus signals.
  finished :Prep
Writing EDIF netlist file termometr.edif ...
ngc2edif: Total memory usage is 80096 kilobytes

Release 14.7 - ngc2edif P.20131013 (nt64)
Copyright (c) 1995-2013 Xilinx, Inc.  All rights reserved.
Reading design termometr.ngc ...
WARNING:NetListWriters:298 - No output is written to termometr.xncf, ignored.
Processing design ...
   Preping design's networks ...
   Preping design's macros ...
WARNING:NetListWriters:306 - Signal bus x<15 : 0> on block termometr is not
   reconstructed, because there are some missing bus signals.
  finished :Prep
Writing EDIF netlist file termometr.edif ...
ngc2edif: Total memory usage is 80032 kilobytes

Release 14.7 - ngc2edif P.20131013 (nt64)
Copyright (c) 1995-2013 Xilinx, Inc.  All rights reserved.
Reading design termometr.ngc ...
WARNING:NetListWriters:298 - No output is written to termometr.xncf, ignored.
Processing design ...
   Preping design's networks ...
   Preping design's macros ...
WARNING:NetListWriters:306 - Signal bus Madd_cnt_bit_add0000_cy<4 : 2> on block
   termometr is not reconstructed, because there are some missing bus signals.
  finished :Prep
Writing EDIF netlist file termometr.edif ...
ngc2edif: Total memory usage is 80544 kilobytes

Release 14.7 - ngc2edif P.20131013 (nt64)
Copyright (c) 1995-2013 Xilinx, Inc.  All rights reserved.
Reading design termometr.ngc ...
WARNING:NetListWriters:298 - No output is written to termometr.xncf, ignored.
Processing design ...
   Preping design's networks ...
   Preping design's macros ...
WARNING:NetListWriters:306 - Signal bus x<15 : 0> on block termometr is not
   reconstructed, because there are some missing bus signals.
  finished :Prep
Writing EDIF netlist file termometr.edif ...
ngc2edif: Total memory usage is 80672 kilobytes

Release 14.7 - ngc2edif P.20131013 (nt)
Copyright (c) 1995-2013 Xilinx, Inc.  All rights reserved.
Reading design termometr.ngc ...
WARNING:NetListWriters:298 - No output is written to termometr.xncf, ignored.
Processing design ...
   Preping design's networks ...
   Preping design's macros ...
WARNING:NetListWriters:306 - Signal bus x<15 : 0> on block termometr is not
   reconstructed, because there are some missing bus signals.
  finished :Prep
Writing EDIF netlist file termometr.edif ...
ngc2edif: Total memory usage is 79864 kilobytes

